<testsuites>
	<testsuite name="AllTests" tests="11">
		<testcase classname="AllTests" name="test_addVertex"/>
		<testcase classname="AllTests" name="test_addEdge"/>
		<testcase classname="AllTests" name="test_removeEdge"/>
		<testcase classname="AllTests" name="test_removeVertex">
			<failure message="..\src\Test.cpp:51 test_removeVertex: true == net1.removeVertex(p2) expected:	1	but was:	0	">
test_removeVertex: true == net1.removeVertex(p2) expected:	1	but was:	0	
			</failure>
		</testcase>
		<testcase classname="AllTests" name="test_dfs">
			<failure message="..\src\Test.cpp:99 test_dfs: names[i] == &quot;(null)&quot; expected:	Ana	but was:	(null)	">
test_dfs: names[i] == &quot;(null)&quot; expected:	Ana	but was:	(null)	
			</failure>
		</testcase>
		<testcase classname="AllTests" name="test_removeVertex_Again">
			<failure message="..\src\Test.cpp:118 test_removeVertex_Again: true == net1.removeVertex(p2) expected:	1	but was:	0	">
test_removeVertex_Again: true == net1.removeVertex(p2) expected:	1	but was:	0	
			</failure>
		</testcase>
